2018-09-29 17:26:09,690 - root - INFO - ********All TEST START********
2018-09-29 17:26:09,721 - root - INFO - [test_get_event_1]Start:
2018-09-29 17:26:09,736 - root - INFO - [test_get_event_1]Finished!
2018-09-29 17:26:09,736 - root - INFO - [test_get_event_2]Start:
2018-09-29 17:26:09,768 - root - INFO - [test_get_event_2]Finished!
2018-09-29 17:26:09,768 - root - INFO - [test_get_event_3]Start:
2018-09-29 17:26:09,799 - root - INFO - [test_get_event_3]Finished!
2018-09-29 17:26:09,799 - root - INFO - [test_get_event_4]Start:
2018-09-29 17:26:09,830 - root - INFO - [test_get_event_4]Finished!
2018-09-29 17:26:09,830 - root - INFO - [test_get_guest_1]Start:
2018-09-29 17:26:09,846 - root - INFO - [test_get_guest_1]Finished!
2018-09-29 17:26:09,846 - root - INFO - [test_get_guest_2]Start:
2018-09-29 17:26:09,892 - root - INFO - [test_get_guest_2]Finished!
2018-09-29 17:26:09,892 - root - INFO - [test_get_guest_3]Start:
2018-09-29 17:26:09,924 - root - INFO - [test_get_guest_3]Finished!
2018-09-29 17:26:09,924 - root - INFO - [test_get_guest_4]Start:
2018-09-29 17:26:09,939 - root - INFO - [test_get_guest_4]Finished!
2018-09-29 17:26:09,939 - root - INFO - [test_get_guest_5]Start:
2018-09-29 17:26:09,955 - root - INFO - [test_get_guest_5]Finished!
2018-09-29 17:26:09,955 - root - INFO - [add_event_test_1]Start:
2018-09-29 17:26:09,955 - root - INFO - [add_event_test_1]Finished!
2018-09-29 17:26:09,955 - root - INFO - [add_event_test_2]Start:
2018-09-29 17:26:09,986 - root - INFO - [add_event_test_2]Finished!
2018-09-29 17:26:09,986 - root - INFO - [add_event_test_3]Start:
2018-09-29 17:26:10,002 - root - INFO - [add_event_test_3]Finished!
2018-09-29 17:26:10,002 - root - INFO - [add_event_test_4]Start:
2018-09-29 17:26:10,017 - root - INFO - [add_event_test_4]Finished!
2018-09-29 17:26:10,017 - root - INFO - [add_event_test_5]Start:
2018-09-29 17:26:10,033 - root - INFO - [add_event_test_5]Finished!
2018-09-29 17:26:10,033 - root - INFO - [add_guest_test_1]Start:
2018-09-29 17:26:10,033 - root - INFO - [add_guest_test_1]Finished!
2018-09-29 17:26:10,033 - root - INFO - [add_guest_test_2]Start:
2018-09-29 17:26:10,048 - root - INFO - [add_guest_test_2]Finished!
2018-09-29 17:26:10,048 - root - INFO - [add_guest_test_3]Start:
2018-09-29 17:26:10,064 - root - INFO - [add_guest_test_3]Finished!
2018-09-29 17:26:10,064 - root - INFO - [add_guest_test_4]Start:
2018-09-29 17:26:10,080 - root - INFO - [add_guest_test_4]Finished!
2018-09-29 17:26:10,080 - root - INFO - [add_guest_test_5]Start:
2018-09-29 17:26:10,095 - root - INFO - [add_guest_test_5]Finished!
2018-09-29 17:26:10,095 - root - INFO - [add_guest_test_6]Start:
2018-09-29 17:26:10,111 - root - INFO - [add_guest_test_6]Finished!
2018-09-29 17:26:10,111 - root - INFO - [add_guest_test_7]Start:
2018-09-29 17:26:10,126 - root - INFO - [add_guest_test_7]Finished!
2018-09-29 17:26:10,126 - root - INFO - *********All TEST END*********
