2018-09-30 15:00:18,108 - root - INFO - ********All TEST START********
2018-09-30 15:00:18,132 - root - INFO - [test_get_event_0]Start:
2018-09-30 15:00:18,147 - root - INFO - [test_get_event_0]Finished!
2018-09-30 15:00:18,147 - root - INFO - [test_get_event_1]Start:
2018-09-30 15:00:18,165 - root - INFO - [test_get_event_1]Finished!
2018-09-30 15:00:18,165 - root - INFO - [test_get_event_2]Start:
2018-09-30 15:00:18,191 - root - INFO - [test_get_event_2]Finished!
2018-09-30 15:00:18,191 - root - INFO - [test_get_event_3]Start:
2018-09-30 15:00:18,210 - root - INFO - [test_get_event_3]Finished!
2018-09-30 15:00:18,210 - root - INFO - [test_get_guest_0]Start:
2018-09-30 15:00:18,224 - root - INFO - [test_get_guest_0]Finished!
2018-09-30 15:00:18,224 - root - INFO - [test_get_guest_1]Start:
2018-09-30 15:00:18,251 - root - INFO - [test_get_guest_1]Finished!
2018-09-30 15:00:18,251 - root - INFO - [test_get_guest_2]Start:
2018-09-30 15:00:18,277 - root - INFO - [test_get_guest_2]Finished!
2018-09-30 15:00:18,277 - root - INFO - [test_get_guest_3]Start:
2018-09-30 15:00:18,305 - root - INFO - [test_get_guest_3]Finished!
2018-09-30 15:00:18,305 - root - INFO - [test_get_guest_4]Start:
2018-09-30 15:00:18,321 - root - INFO - [test_get_guest_4]Finished!
2018-09-30 15:00:18,321 - root - INFO - [add_event_test_0]Start:
2018-09-30 15:00:18,326 - root - INFO - [add_event_test_0]Finished!
2018-09-30 15:00:18,326 - root - INFO - [add_event_test_1]Start:
2018-09-30 15:00:18,332 - root - INFO - [add_event_test_1]Finished!
2018-09-30 15:00:18,333 - root - INFO - [add_event_test_2]Start:
2018-09-30 15:00:18,342 - root - INFO - [add_event_test_2]Finished!
2018-09-30 15:00:18,342 - root - INFO - [add_event_test_3]Start:
2018-09-30 15:00:18,355 - root - INFO - [add_event_test_3]Finished!
2018-09-30 15:00:18,355 - root - INFO - [add_event_test_4]Start:
2018-09-30 15:00:18,392 - root - INFO - [add_event_test_4]Finished!
2018-09-30 15:00:18,392 - root - INFO - [add_guest_test_0]Start:
2018-09-30 15:00:18,397 - root - INFO - [add_guest_test_0]Finished!
2018-09-30 15:00:18,397 - root - INFO - [add_guest_test_1]Start:
2018-09-30 15:00:18,413 - root - INFO - [add_guest_test_1]Finished!
2018-09-30 15:00:18,413 - root - INFO - [add_guest_test_2]Start:
2018-09-30 15:00:18,432 - root - INFO - [add_guest_test_2]Finished!
2018-09-30 15:00:18,432 - root - INFO - [add_guest_test_3]Start:
2018-09-30 15:00:18,443 - root - INFO - [add_guest_test_3]Finished!
2018-09-30 15:00:18,444 - root - INFO - [add_guest_test_4]Start:
2018-09-30 15:00:18,465 - root - INFO - [add_guest_test_4]Finished!
2018-09-30 15:00:18,465 - root - INFO - [add_guest_test_5]Start:
2018-09-30 15:00:18,491 - root - INFO - [add_guest_test_5]Finished!
2018-09-30 15:00:18,491 - root - INFO - [add_guest_test_6]Start:
2018-09-30 15:00:18,515 - root - INFO - [add_guest_test_6]Finished!
2018-09-30 15:00:18,515 - root - INFO - [user_sign_0]Start:
2018-09-30 15:00:18,519 - root - INFO - [user_sign_0]Finished!
2018-09-30 15:00:18,519 - root - INFO - [user_sign_1]Start:
2018-09-30 15:00:18,537 - root - INFO - [user_sign_1]Finished!
2018-09-30 15:00:18,537 - root - INFO - [user_sign_2]Start:
2018-09-30 15:00:18,556 - root - INFO - [user_sign_2]Finished!
2018-09-30 15:00:18,556 - root - INFO - [user_sign_3]Start:
2018-09-30 15:00:18,581 - root - INFO - [user_sign_3]Finished!
2018-09-30 15:00:18,581 - root - INFO - [user_sign_4]Start:
2018-09-30 15:00:18,607 - root - INFO - [user_sign_4]Finished!
2018-09-30 15:00:18,607 - root - INFO - [user_sign_5]Start:
2018-09-30 15:00:18,629 - root - INFO - [user_sign_5]Finished!
2018-09-30 15:00:18,629 - root - INFO - [user_sign_6]Start:
2018-09-30 15:00:18,653 - root - INFO - [user_sign_6]Finished!
2018-09-30 15:00:18,653 - root - INFO - [user_sign_7]Start:
2018-09-30 15:00:18,679 - root - INFO - [user_sign_7]Finished!
2018-09-30 15:00:18,680 - root - INFO - *********All TEST END*********
