2018-09-29 17:27:23,945 - root - INFO - ********All TEST START********
2018-09-29 17:27:24,002 - root - INFO - [test_get_event_1]Start:
2018-09-29 17:27:24,019 - root - INFO - [test_get_event_1]Finished!
2018-09-29 17:27:24,020 - root - INFO - [test_get_event_2]Start:
2018-09-29 17:27:24,047 - root - INFO - [test_get_event_2]Finished!
2018-09-29 17:27:24,047 - root - INFO - [test_get_event_3]Start:
2018-09-29 17:27:24,073 - root - INFO - [test_get_event_3]Finished!
2018-09-29 17:27:24,073 - root - INFO - [test_get_event_4]Start:
2018-09-29 17:27:24,100 - root - INFO - [test_get_event_4]Finished!
2018-09-29 17:27:24,100 - root - INFO - [test_get_guest_1]Start:
2018-09-29 17:27:24,112 - root - INFO - [test_get_guest_1]Finished!
2018-09-29 17:27:24,112 - root - INFO - [test_get_guest_2]Start:
2018-09-29 17:27:24,131 - root - INFO - [test_get_guest_2]Finished!
2018-09-29 17:27:24,131 - root - INFO - [test_get_guest_3]Start:
2018-09-29 17:27:24,174 - root - INFO - [test_get_guest_3]Finished!
2018-09-29 17:27:24,174 - root - INFO - [test_get_guest_4]Start:
2018-09-29 17:27:24,200 - root - INFO - [test_get_guest_4]Finished!
2018-09-29 17:27:24,200 - root - INFO - [test_get_guest_5]Start:
2018-09-29 17:27:24,228 - root - INFO - [test_get_guest_5]Finished!
2018-09-29 17:27:24,228 - root - INFO - [add_event_test_1]Start:
2018-09-29 17:27:24,231 - root - INFO - [add_event_test_1]Finished!
2018-09-29 17:27:24,231 - root - INFO - [add_event_test_2]Start:
2018-09-29 17:27:24,248 - root - INFO - [add_event_test_2]Finished!
2018-09-29 17:27:24,248 - root - INFO - [add_event_test_3]Start:
2018-09-29 17:27:24,268 - root - INFO - [add_event_test_3]Finished!
2018-09-29 17:27:24,268 - root - INFO - [add_event_test_4]Start:
2018-09-29 17:27:24,286 - root - INFO - [add_event_test_4]Finished!
2018-09-29 17:27:24,286 - root - INFO - [add_event_test_5]Start:
2018-09-29 17:27:24,296 - root - INFO - [add_event_test_5]Finished!
2018-09-29 17:27:24,296 - root - INFO - [add_guest_test_1]Start:
2018-09-29 17:27:24,299 - root - INFO - [add_guest_test_1]Finished!
2018-09-29 17:27:24,300 - root - INFO - [add_guest_test_2]Start:
2018-09-29 17:27:24,316 - root - INFO - [add_guest_test_2]Finished!
2018-09-29 17:27:24,316 - root - INFO - [add_guest_test_3]Start:
2018-09-29 17:27:24,334 - root - INFO - [add_guest_test_3]Finished!
2018-09-29 17:27:24,334 - root - INFO - [add_guest_test_4]Start:
2018-09-29 17:27:24,354 - root - INFO - [add_guest_test_4]Finished!
2018-09-29 17:27:24,354 - root - INFO - [add_guest_test_5]Start:
2018-09-29 17:27:24,384 - root - INFO - [add_guest_test_5]Finished!
2018-09-29 17:27:24,384 - root - INFO - [add_guest_test_6]Start:
2018-09-29 17:27:24,407 - root - INFO - [add_guest_test_6]Finished!
2018-09-29 17:27:24,407 - root - INFO - [add_guest_test_7]Start:
2018-09-29 17:27:24,430 - root - INFO - [add_guest_test_7]Finished!
2018-09-29 17:27:24,431 - root - INFO - *********All TEST END*********
